2012-11-15 16:05:18,537 0    INFO  [main                ]           org.jetsennet.config.Config     - 开始解析Setting.xml
2012-11-15 16:05:18,541 4    ERROR [main                ]           org.jetsennet.config.Config     - 找不到Setting.xml
2012-11-15 16:05:36,037 0    INFO  [main                ]           org.jetsennet.config.Config     - 开始解析Setting.xml
2012-11-15 16:05:36,099 62   INFO  [main                ]           org.jetsennet.config.Config     - 开始解析param
2012-11-15 16:05:36,174 137  INFO  [main                ]           org.jetsennet.config.Config     - param解析完成
2012-11-15 16:05:36,174 137  INFO  [main                ]           org.jetsennet.config.Config     - 开始解析文件信息
2012-11-15 16:05:36,176 139  INFO  [main                ]           org.jetsennet.config.Config     - 文件信息解析完成
2012-11-15 16:05:36,176 139  INFO  [main                ]           org.jetsennet.config.Config     - Setting.xml解析完成
2012-11-15 16:05:36,182 145  INFO  [main                ] org.jetsennet.handle.PropertiesHandle     - 开始修改F:\sc_rel\JNMP_SCV1.3.0.9107\WebRoot\WEB-INF\classes\dbconfig.properties
2012-11-15 16:05:36,184 147  INFO  [main                ] org.jetsennet.handle.PropertiesHandle     - F:\sc_rel\JNMP_SCV1.3.0.9107\WebRoot\WEB-INF\classes\dbconfig.properties修改完成
2012-11-15 16:05:36,185 148  INFO  [main                ] org.jetsennet.handle.PropertiesHandle     - 开始修改F:\sc_rel\JNMP_SCV1.3.0.9107\WebRoot\WEB-INF\classes\configuration.properties
2012-11-15 16:05:36,186 149  INFO  [main                ] org.jetsennet.handle.PropertiesHandle     - F:\sc_rel\JNMP_SCV1.3.0.9107\WebRoot\WEB-INF\classes\configuration.properties修改完成
2012-11-15 16:05:36,187 150  INFO  [main                ] org.jetsennet.handle.PropertiesHandle     - 开始修改F:\sc_rel\JNMP_SCV1.3.0.9107\nmpreport\WEB-INF\db.properties
2012-11-15 16:05:36,188 151  INFO  [main                ] org.jetsennet.handle.PropertiesHandle     - F:\sc_rel\JNMP_SCV1.3.0.9107\nmpreport\WEB-INF\db.properties修改完成
2012-11-15 16:05:36,189 152  INFO  [main                ] org.jetsennet.handle.PropertiesHandle     - 开始修改F:\sc_rel\JNMP_SCV1.3.0.9107\nmpreport\WEB-INF\classes\configuration.properties
2012-11-15 16:05:36,190 153  INFO  [main                ] org.jetsennet.handle.PropertiesHandle     - F:\sc_rel\JNMP_SCV1.3.0.9107\nmpreport\WEB-INF\classes\configuration.properties修改完成
2012-11-15 16:05:36,191 154  INFO  [main                ] org.jetsennet.handle.PropertiesHandle     - 开始修改F:\sc_rel\JNMP_SCV1.3.0.9107\nmpreport\WEB-INF\classes\dbconfig.properties
2012-11-15 16:05:36,193 156  INFO  [main                ] org.jetsennet.handle.PropertiesHandle     - F:\sc_rel\JNMP_SCV1.3.0.9107\nmpreport\WEB-INF\classes\dbconfig.properties修改完成
2012-11-15 16:06:35,504 0    INFO  [main                ]           org.jetsennet.config.Config     - 开始解析Setting.xml
2012-11-15 16:06:35,551 47   INFO  [main                ]           org.jetsennet.config.Config     - 开始解析param
2012-11-15 16:06:35,610 106  INFO  [main                ]           org.jetsennet.config.Config     - param解析完成
2012-11-15 16:06:35,610 106  INFO  [main                ]           org.jetsennet.config.Config     - 开始解析文件信息
2012-11-15 16:06:35,612 108  INFO  [main                ]           org.jetsennet.config.Config     - 文件信息解析完成
2012-11-15 16:06:35,613 109  INFO  [main                ]           org.jetsennet.config.Config     - Setting.xml解析完成
2012-11-15 16:06:35,615 111  INFO  [main                ] org.jetsennet.handle.PropertiesHandle     - 开始修改F:\sc_rel\JNMP_SCV1.3.0.9107\WebRoot\WEB-INF\classes\dbconfig.properties
2012-11-15 16:06:35,617 113  INFO  [main                ] org.jetsennet.handle.PropertiesHandle     - F:\sc_rel\JNMP_SCV1.3.0.9107\WebRoot\WEB-INF\classes\dbconfig.properties修改完成
2012-11-15 16:06:35,618 114  INFO  [main                ] org.jetsennet.handle.PropertiesHandle     - 开始修改F:\sc_rel\JNMP_SCV1.3.0.9107\WebRoot\WEB-INF\classes\configuration.properties
2012-11-15 16:06:35,619 115  INFO  [main                ] org.jetsennet.handle.PropertiesHandle     - F:\sc_rel\JNMP_SCV1.3.0.9107\WebRoot\WEB-INF\classes\configuration.properties修改完成
2012-11-15 16:06:35,620 116  INFO  [main                ] org.jetsennet.handle.PropertiesHandle     - 开始修改F:\sc_rel\JNMP_SCV1.3.0.9107\nmpreport\WEB-INF\db.properties
2012-11-15 16:06:35,621 117  INFO  [main                ] org.jetsennet.handle.PropertiesHandle     - F:\sc_rel\JNMP_SCV1.3.0.9107\nmpreport\WEB-INF\db.properties修改完成
2012-11-15 16:06:35,621 117  INFO  [main                ] org.jetsennet.handle.PropertiesHandle     - 开始修改F:\sc_rel\JNMP_SCV1.3.0.9107\nmpreport\WEB-INF\classes\configuration.properties
2012-11-15 16:06:35,623 119  INFO  [main                ] org.jetsennet.handle.PropertiesHandle     - F:\sc_rel\JNMP_SCV1.3.0.9107\nmpreport\WEB-INF\classes\configuration.properties修改完成
2012-11-15 16:06:35,623 119  INFO  [main                ] org.jetsennet.handle.PropertiesHandle     - 开始修改F:\sc_rel\JNMP_SCV1.3.0.9107\nmpreport\WEB-INF\classes\dbconfig.properties
2012-11-15 16:06:35,625 121  INFO  [main                ] org.jetsennet.handle.PropertiesHandle     - F:\sc_rel\JNMP_SCV1.3.0.9107\nmpreport\WEB-INF\classes\dbconfig.properties修改完成
2012-11-15 16:10:34,246 0    INFO  [main                ]           org.jetsennet.config.Config     - 开始解析Setting.xml
2012-11-15 16:10:34,291 45   INFO  [main                ]           org.jetsennet.config.Config     - 开始解析param
2012-11-15 16:10:34,350 104  INFO  [main                ]           org.jetsennet.config.Config     - param解析完成
2012-11-15 16:10:34,351 105  INFO  [main                ]           org.jetsennet.config.Config     - 开始解析文件信息
2012-11-15 16:10:34,352 106  INFO  [main                ]           org.jetsennet.config.Config     - 文件信息解析完成
2012-11-15 16:10:34,352 106  INFO  [main                ]           org.jetsennet.config.Config     - Setting.xml解析完成
2012-11-15 16:10:34,354 108  INFO  [main                ] org.jetsennet.handle.PropertiesHandle     - 开始修改F:\sc_rel\JNMP_SCV1.3.0.9107\WebRoot\WEB-INF\classes\dbconfig.properties
2012-11-15 16:10:34,357 111  INFO  [main                ] org.jetsennet.handle.PropertiesHandle     - F:\sc_rel\JNMP_SCV1.3.0.9107\WebRoot\WEB-INF\classes\dbconfig.properties修改完成
2012-11-15 16:10:34,357 111  INFO  [main                ] org.jetsennet.handle.PropertiesHandle     - 开始修改F:\sc_rel\JNMP_SCV1.3.0.9107\WebRoot\WEB-INF\classes\configuration.properties
2012-11-15 16:10:34,359 113  INFO  [main                ] org.jetsennet.handle.PropertiesHandle     - F:\sc_rel\JNMP_SCV1.3.0.9107\WebRoot\WEB-INF\classes\configuration.properties修改完成
2012-11-15 16:10:34,359 113  INFO  [main                ] org.jetsennet.handle.PropertiesHandle     - 开始修改F:\sc_rel\JNMP_SCV1.3.0.9107\nmpreport\WEB-INF\db.properties
2012-11-15 16:10:34,360 114  INFO  [main                ] org.jetsennet.handle.PropertiesHandle     - F:\sc_rel\JNMP_SCV1.3.0.9107\nmpreport\WEB-INF\db.properties修改完成
2012-11-15 16:10:34,361 115  INFO  [main                ] org.jetsennet.handle.PropertiesHandle     - 开始修改F:\sc_rel\JNMP_SCV1.3.0.9107\nmpreport\WEB-INF\classes\configuration.properties
2012-11-15 16:10:34,362 116  INFO  [main                ] org.jetsennet.handle.PropertiesHandle     - F:\sc_rel\JNMP_SCV1.3.0.9107\nmpreport\WEB-INF\classes\configuration.properties修改完成
2012-11-15 16:10:34,362 116  INFO  [main                ] org.jetsennet.handle.PropertiesHandle     - 开始修改F:\sc_rel\JNMP_SCV1.3.0.9107\nmpreport\WEB-INF\classes\dbconfig.properties
2012-11-15 16:10:34,364 118  INFO  [main                ] org.jetsennet.handle.PropertiesHandle     - F:\sc_rel\JNMP_SCV1.3.0.9107\nmpreport\WEB-INF\classes\dbconfig.properties修改完成
2012-11-15 16:16:02,456 0    INFO  [main                ]           org.jetsennet.config.Config     - 开始解析Setting.xml
2012-11-15 16:16:02,518 62   INFO  [main                ]           org.jetsennet.config.Config     - 开始解析param
2012-11-15 16:16:02,578 122  INFO  [main                ]           org.jetsennet.config.Config     - param解析完成
2012-11-15 16:16:02,579 123  INFO  [main                ]           org.jetsennet.config.Config     - 开始解析文件信息
2012-11-15 16:16:02,581 125  INFO  [main                ]           org.jetsennet.config.Config     - 文件信息解析完成
2012-11-15 16:16:02,582 126  INFO  [main                ]           org.jetsennet.config.Config     - Setting.xml解析完成
2012-11-15 16:16:02,583 127  INFO  [main                ] org.jetsennet.handle.PropertiesHandle     - 开始修改F:\sc_rel\JNMP_SCV1.3.0.91071\WebRoot\WEB-INF\classes\dbconfig.properties
2012-11-15 16:16:02,585 129  ERROR [main                ] org.jetsennet.handle.PropertiesHandle     - java.io.FileNotFoundException: F:\sc_rel\JNMP_SCV1.3.0.91071\WebRoot\WEB-INF\classes\dbconfig.properties (系统找不到指定的路径。)F:\sc_rel\JNMP_SCV1.3.0.91071\WebRoot\WEB-INF\classes\dbconfig.properties不存在！
2012-11-15 16:16:02,586 130  INFO  [main                ] org.jetsennet.handle.PropertiesHandle     - 开始修改F:\sc_rel\JNMP_SCV1.3.0.91071\WebRoot\WEB-INF\classes\configuration.properties
2012-11-15 16:16:02,587 131  ERROR [main                ] org.jetsennet.handle.PropertiesHandle     - java.io.FileNotFoundException: F:\sc_rel\JNMP_SCV1.3.0.91071\WebRoot\WEB-INF\classes\configuration.properties (系统找不到指定的路径。)F:\sc_rel\JNMP_SCV1.3.0.91071\WebRoot\WEB-INF\classes\configuration.properties不存在！
2012-11-15 16:16:02,588 132  INFO  [main                ] org.jetsennet.handle.PropertiesHandle     - 开始修改F:\sc_rel\JNMP_SCV1.3.0.91071\nmpreport\WEB-INF\db.properties
2012-11-15 16:16:02,589 133  ERROR [main                ] org.jetsennet.handle.PropertiesHandle     - java.io.FileNotFoundException: F:\sc_rel\JNMP_SCV1.3.0.91071\nmpreport\WEB-INF\db.properties (系统找不到指定的路径。)F:\sc_rel\JNMP_SCV1.3.0.91071\nmpreport\WEB-INF\db.properties不存在！
2012-11-15 16:16:02,590 134  INFO  [main                ] org.jetsennet.handle.PropertiesHandle     - 开始修改F:\sc_rel\JNMP_SCV1.3.0.91071\nmpreport\WEB-INF\classes\configuration.properties
2012-11-15 16:16:02,591 135  ERROR [main                ] org.jetsennet.handle.PropertiesHandle     - java.io.FileNotFoundException: F:\sc_rel\JNMP_SCV1.3.0.91071\nmpreport\WEB-INF\classes\configuration.properties (系统找不到指定的路径。)F:\sc_rel\JNMP_SCV1.3.0.91071\nmpreport\WEB-INF\classes\configuration.properties不存在！
2012-11-15 16:16:02,592 136  INFO  [main                ] org.jetsennet.handle.PropertiesHandle     - 开始修改F:\sc_rel\JNMP_SCV1.3.0.91071\nmpreport\WEB-INF\classes\dbconfig.properties
2012-11-15 16:16:02,594 138  ERROR [main                ] org.jetsennet.handle.PropertiesHandle     - java.io.FileNotFoundException: F:\sc_rel\JNMP_SCV1.3.0.91071\nmpreport\WEB-INF\classes\dbconfig.properties (系统找不到指定的路径。)F:\sc_rel\JNMP_SCV1.3.0.91071\nmpreport\WEB-INF\classes\dbconfig.properties不存在！
2012-11-15 16:16:13,708 0    INFO  [main                ]           org.jetsennet.config.Config     - 开始解析Setting.xml
2012-11-15 16:16:13,762 54   INFO  [main                ]           org.jetsennet.config.Config     - 开始解析param
2012-11-15 16:16:13,820 112  INFO  [main                ]           org.jetsennet.config.Config     - param解析完成
2012-11-15 16:16:13,820 112  INFO  [main                ]           org.jetsennet.config.Config     - 开始解析文件信息
2012-11-15 16:16:13,821 113  INFO  [main                ]           org.jetsennet.config.Config     - 文件信息解析完成
2012-11-15 16:16:13,821 113  INFO  [main                ]           org.jetsennet.config.Config     - Setting.xml解析完成
2012-11-15 16:16:13,823 115  INFO  [main                ] org.jetsennet.handle.PropertiesHandle     - 开始修改F:\sc_rel\JNMP_SCV1.3.0.9107\WebRoot\WEB-INF\classes\dbconfig.properties
2012-11-15 16:16:13,825 117  INFO  [main                ] org.jetsennet.handle.PropertiesHandle     - F:\sc_rel\JNMP_SCV1.3.0.9107\WebRoot\WEB-INF\classes\dbconfig.properties修改完成
2012-11-15 16:16:13,826 118  INFO  [main                ] org.jetsennet.handle.PropertiesHandle     - 开始修改F:\sc_rel\JNMP_SCV1.3.0.9107\WebRoot\WEB-INF\classes\configuration.properties
2012-11-15 16:16:13,827 119  INFO  [main                ] org.jetsennet.handle.PropertiesHandle     - F:\sc_rel\JNMP_SCV1.3.0.9107\WebRoot\WEB-INF\classes\configuration.properties修改完成
2012-11-15 16:16:13,828 120  INFO  [main                ] org.jetsennet.handle.PropertiesHandle     - 开始修改F:\sc_rel\JNMP_SCV1.3.0.9107\nmpreport\WEB-INF\db.properties
2012-11-15 16:16:13,829 121  INFO  [main                ] org.jetsennet.handle.PropertiesHandle     - F:\sc_rel\JNMP_SCV1.3.0.9107\nmpreport\WEB-INF\db.properties修改完成
2012-11-15 16:16:13,830 122  INFO  [main                ] org.jetsennet.handle.PropertiesHandle     - 开始修改F:\sc_rel\JNMP_SCV1.3.0.9107\nmpreport\WEB-INF\classes\configuration.properties
2012-11-15 16:16:13,831 123  INFO  [main                ] org.jetsennet.handle.PropertiesHandle     - F:\sc_rel\JNMP_SCV1.3.0.9107\nmpreport\WEB-INF\classes\configuration.properties修改完成
2012-11-15 16:16:13,831 123  INFO  [main                ] org.jetsennet.handle.PropertiesHandle     - 开始修改F:\sc_rel\JNMP_SCV1.3.0.9107\nmpreport\WEB-INF\classes\dbconfig.properties
2012-11-15 16:16:13,833 125  INFO  [main                ] org.jetsennet.handle.PropertiesHandle     - F:\sc_rel\JNMP_SCV1.3.0.9107\nmpreport\WEB-INF\classes\dbconfig.properties修改完成
2012-11-15 16:24:40,178 0    INFO  [main                ]           org.jetsennet.config.Config     - 开始解析Setting.xml
2012-11-15 16:24:40,242 64   INFO  [main                ]           org.jetsennet.config.Config     - 开始解析param
2012-11-15 16:24:40,321 143  INFO  [main                ]           org.jetsennet.config.Config     - param解析完成
2012-11-15 16:24:40,321 143  INFO  [main                ]           org.jetsennet.config.Config     - 开始解析文件信息
2012-11-15 16:24:40,322 144  INFO  [main                ]           org.jetsennet.config.Config     - 文件信息解析完成
2012-11-15 16:24:40,327 149  INFO  [main                ]           org.jetsennet.config.Config     - Setting.xml解析完成
2012-11-15 16:24:40,330 152  INFO  [main                ] org.jetsennet.handle.PropertiesHandle     - 开始修改F:\sc_rel\JNMP_SCV1.3.0.9107\WebRoot\WEB-INF\classes\dbconfig.properties
2012-11-15 16:24:40,333 155  INFO  [main                ] org.jetsennet.handle.PropertiesHandle     - F:\sc_rel\JNMP_SCV1.3.0.9107\WebRoot\WEB-INF\classes\dbconfig.properties修改完成
2012-11-15 16:24:40,335 157  INFO  [main                ] org.jetsennet.handle.PropertiesHandle     - 开始修改F:\sc_rel\JNMP_SCV1.3.0.9107\WebRoot\WEB-INF\classes\configuration.properties
2012-11-15 16:24:40,336 158  INFO  [main                ] org.jetsennet.handle.PropertiesHandle     - F:\sc_rel\JNMP_SCV1.3.0.9107\WebRoot\WEB-INF\classes\configuration.properties修改完成
2012-11-15 16:24:40,339 161  INFO  [main                ] org.jetsennet.handle.PropertiesHandle     - 开始修改F:\sc_rel\JNMP_SCV1.3.0.9107\nmpreport\WEB-INF\db.properties
2012-11-15 16:24:40,340 162  INFO  [main                ] org.jetsennet.handle.PropertiesHandle     - F:\sc_rel\JNMP_SCV1.3.0.9107\nmpreport\WEB-INF\db.properties修改完成
2012-11-15 16:24:40,349 171  INFO  [main                ] org.jetsennet.handle.PropertiesHandle     - 开始修改F:\sc_rel\JNMP_SCV1.3.0.9107\nmpreport\WEB-INF\classes\configuration.properties
2012-11-15 16:24:40,351 173  INFO  [main                ] org.jetsennet.handle.PropertiesHandle     - F:\sc_rel\JNMP_SCV1.3.0.9107\nmpreport\WEB-INF\classes\configuration.properties修改完成
2012-11-15 16:24:40,351 173  INFO  [main                ] org.jetsennet.handle.PropertiesHandle     - 开始修改F:\sc_rel\JNMP_SCV1.3.0.9107\nmpreport\WEB-INF\classes\dbconfig.properties
2012-11-15 16:24:40,352 174  INFO  [main                ] org.jetsennet.handle.PropertiesHandle     - F:\sc_rel\JNMP_SCV1.3.0.9107\nmpreport\WEB-INF\classes\dbconfig.properties修改完成
2012-11-15 16:25:42,711 0    INFO  [main                ]           org.jetsennet.config.Config     - 开始解析Setting.xml
2012-11-15 16:25:42,768 57   INFO  [main                ]           org.jetsennet.config.Config     - 开始解析param
2012-11-15 16:25:42,826 115  INFO  [main                ]           org.jetsennet.config.Config     - param解析完成
2012-11-15 16:25:42,826 115  INFO  [main                ]           org.jetsennet.config.Config     - 开始解析文件信息
2012-11-15 16:25:42,827 116  INFO  [main                ]           org.jetsennet.config.Config     - 文件信息解析完成
2012-11-15 16:25:42,828 117  INFO  [main                ]           org.jetsennet.config.Config     - Setting.xml解析完成
2012-11-15 16:25:42,830 119  INFO  [main                ] org.jetsennet.handle.PropertiesHandle     - 开始修改F:\sc_rel\JNMP_SCV1.3.0.9107\WebRoot\WEB-INF\classes\dbconfig.properties
2012-11-15 16:25:42,833 122  INFO  [main                ] org.jetsennet.handle.PropertiesHandle     - F:\sc_rel\JNMP_SCV1.3.0.9107\WebRoot\WEB-INF\classes\dbconfig.properties修改完成
2012-11-15 16:25:42,833 122  INFO  [main                ] org.jetsennet.handle.PropertiesHandle     - 开始修改F:\sc_rel\JNMP_SCV1.3.0.9107\WebRoot\WEB-INF\classes\configuration.properties
2012-11-15 16:25:42,834 123  INFO  [main                ] org.jetsennet.handle.PropertiesHandle     - F:\sc_rel\JNMP_SCV1.3.0.9107\WebRoot\WEB-INF\classes\configuration.properties修改完成
2012-11-15 16:25:42,834 123  INFO  [main                ] org.jetsennet.handle.PropertiesHandle     - 开始修改F:\sc_rel\JNMP_SCV1.3.0.9107\nmpreport\WEB-INF\db.properties
2012-11-15 16:25:42,835 124  INFO  [main                ] org.jetsennet.handle.PropertiesHandle     - F:\sc_rel\JNMP_SCV1.3.0.9107\nmpreport\WEB-INF\db.properties修改完成
2012-11-15 16:25:42,836 125  INFO  [main                ] org.jetsennet.handle.PropertiesHandle     - 开始修改F:\sc_rel\JNMP_SCV1.3.0.9107\nmpreport\WEB-INF\classes\configuration.properties
2012-11-15 16:25:42,838 127  INFO  [main                ] org.jetsennet.handle.PropertiesHandle     - F:\sc_rel\JNMP_SCV1.3.0.9107\nmpreport\WEB-INF\classes\configuration.properties修改完成
2012-11-15 16:25:42,838 127  INFO  [main                ] org.jetsennet.handle.PropertiesHandle     - 开始修改F:\sc_rel\JNMP_SCV1.3.0.9107\nmpreport\WEB-INF\classes\dbconfig.properties
2012-11-15 16:25:42,839 128  INFO  [main                ] org.jetsennet.handle.PropertiesHandle     - F:\sc_rel\JNMP_SCV1.3.0.9107\nmpreport\WEB-INF\classes\dbconfig.properties修改完成
2012-11-15 16:26:20,709 0    INFO  [main                ]           org.jetsennet.config.Config     - 开始解析Setting.xml
2012-11-15 16:26:20,756 47   INFO  [main                ]           org.jetsennet.config.Config     - 开始解析param
2012-11-15 16:26:20,819 110  INFO  [main                ]           org.jetsennet.config.Config     - param解析完成
2012-11-15 16:26:20,819 110  INFO  [main                ]           org.jetsennet.config.Config     - 开始解析文件信息
2012-11-15 16:26:20,820 111  INFO  [main                ]           org.jetsennet.config.Config     - 文件信息解析完成
2012-11-15 16:26:20,821 112  INFO  [main                ]           org.jetsennet.config.Config     - Setting.xml解析完成
2012-11-15 16:26:20,823 114  INFO  [main                ] org.jetsennet.handle.PropertiesHandle     - 开始修改F:\sc_rel\JNMP_SCV1.3.0.9107\WebRoot\WEB-INF\classes\dbconfig.properties
2012-11-15 16:26:20,825 116  INFO  [main                ] org.jetsennet.handle.PropertiesHandle     - F:\sc_rel\JNMP_SCV1.3.0.9107\WebRoot\WEB-INF\classes\dbconfig.properties修改完成
2012-11-15 16:26:20,826 117  INFO  [main                ] org.jetsennet.handle.PropertiesHandle     - 开始修改F:\sc_rel\JNMP_SCV1.3.0.9107\WebRoot\WEB-INF\classes\configuration.properties
2012-11-15 16:26:20,827 118  INFO  [main                ] org.jetsennet.handle.PropertiesHandle     - F:\sc_rel\JNMP_SCV1.3.0.9107\WebRoot\WEB-INF\classes\configuration.properties修改完成
2012-11-15 16:26:20,827 118  INFO  [main                ] org.jetsennet.handle.PropertiesHandle     - 开始修改F:\sc_rel\JNMP_SCV1.3.0.9107\nmpreport\WEB-INF\db.properties
2012-11-15 16:26:20,828 119  INFO  [main                ] org.jetsennet.handle.PropertiesHandle     - F:\sc_rel\JNMP_SCV1.3.0.9107\nmpreport\WEB-INF\db.properties修改完成
2012-11-15 16:26:20,829 120  INFO  [main                ] org.jetsennet.handle.PropertiesHandle     - 开始修改F:\sc_rel\JNMP_SCV1.3.0.9107\nmpreport\WEB-INF\classes\configuration.properties
2012-11-15 16:26:20,832 123  INFO  [main                ] org.jetsennet.handle.PropertiesHandle     - F:\sc_rel\JNMP_SCV1.3.0.9107\nmpreport\WEB-INF\classes\configuration.properties修改完成
2012-11-15 16:26:20,832 123  INFO  [main                ] org.jetsennet.handle.PropertiesHandle     - 开始修改F:\sc_rel\JNMP_SCV1.3.0.9107\nmpreport\WEB-INF\classes\dbconfig.properties
2012-11-15 16:26:20,833 124  INFO  [main                ] org.jetsennet.handle.PropertiesHandle     - F:\sc_rel\JNMP_SCV1.3.0.9107\nmpreport\WEB-INF\classes\dbconfig.properties修改完成
2012-11-15 16:51:19,506 0    INFO  [main                ]           org.jetsennet.config.Config     - 开始解析Setting.xml
2012-11-15 16:51:19,551 45   INFO  [main                ]           org.jetsennet.config.Config     - 开始解析param
2012-11-15 16:51:19,611 105  INFO  [main                ]           org.jetsennet.config.Config     - param解析完成
2012-11-15 16:51:19,612 106  INFO  [main                ]           org.jetsennet.config.Config     - 开始解析文件信息
2012-11-15 16:51:19,613 107  INFO  [main                ]           org.jetsennet.config.Config     - 文件信息解析完成
2012-11-15 16:51:19,614 108  INFO  [main                ]           org.jetsennet.config.Config     - Setting.xml解析完成
2012-11-15 16:51:19,616 110  INFO  [main                ] org.jetsennet.handle.PropertiesHandle     - 开始修改F:\sc_rel\JNMP_SCV1.3.0.9107\WebRoot\WEB-INF\classes\dbconfig.properties
2012-11-15 16:51:19,618 112  INFO  [main                ] org.jetsennet.handle.PropertiesHandle     - F:\sc_rel\JNMP_SCV1.3.0.9107\WebRoot\WEB-INF\classes\dbconfig.properties修改完成
2012-11-15 16:51:19,619 113  INFO  [main                ] org.jetsennet.handle.PropertiesHandle     - 开始修改F:\sc_rel\JNMP_SCV1.3.0.9107\WebRoot\WEB-INF\classes\configuration.properties
2012-11-15 16:51:19,620 114  INFO  [main                ] org.jetsennet.handle.PropertiesHandle     - F:\sc_rel\JNMP_SCV1.3.0.9107\WebRoot\WEB-INF\classes\configuration.properties修改完成
2012-11-15 16:51:19,620 114  INFO  [main                ] org.jetsennet.handle.PropertiesHandle     - 开始修改F:\sc_rel\JNMP_SCV1.3.0.9107\nmpreport\WEB-INF\db.properties
2012-11-15 16:51:19,621 115  INFO  [main                ] org.jetsennet.handle.PropertiesHandle     - F:\sc_rel\JNMP_SCV1.3.0.9107\nmpreport\WEB-INF\db.properties修改完成
2012-11-15 16:51:19,622 116  INFO  [main                ] org.jetsennet.handle.PropertiesHandle     - 开始修改F:\sc_rel\JNMP_SCV1.3.0.9107\nmpreport\WEB-INF\classes\configuration.properties
2012-11-15 16:51:19,624 118  INFO  [main                ] org.jetsennet.handle.PropertiesHandle     - F:\sc_rel\JNMP_SCV1.3.0.9107\nmpreport\WEB-INF\classes\configuration.properties修改完成
2012-11-15 16:51:19,625 119  INFO  [main                ] org.jetsennet.handle.PropertiesHandle     - 开始修改F:\sc_rel\JNMP_SCV1.3.0.9107\nmpreport\WEB-INF\classes\dbconfig.properties
2012-11-15 16:51:19,625 119  INFO  [main                ] org.jetsennet.handle.PropertiesHandle     - F:\sc_rel\JNMP_SCV1.3.0.9107\nmpreport\WEB-INF\classes\dbconfig.properties修改完成
2012-11-15 17:10:58,464 0    INFO  [main                ]           org.jetsennet.config.Config     - 开始解析Setting.xml
2012-11-15 17:10:58,509 45   INFO  [main                ]           org.jetsennet.config.Config     - 开始解析param
2012-11-15 17:10:58,564 100  INFO  [main                ]           org.jetsennet.config.Config     - param解析完成
2012-11-15 17:10:58,564 100  INFO  [main                ]           org.jetsennet.config.Config     - 开始解析文件信息
2012-11-15 17:10:58,566 102  INFO  [main                ]           org.jetsennet.config.Config     - 文件信息解析完成
2012-11-15 17:10:58,566 102  INFO  [main                ]           org.jetsennet.config.Config     - Setting.xml解析完成
2012-11-15 17:10:58,568 104  INFO  [main                ] org.jetsennet.handle.PropertiesHandle     - 开始修改F:\sc_rel\JNMP_SCV1.3.0.9107\WebRoot\WEB-INF\classes\dbconfig.properties
2012-11-15 17:10:58,589 125  INFO  [main                ] org.jetsennet.handle.PropertiesHandle     - F:\sc_rel\JNMP_SCV1.3.0.9107\WebRoot\WEB-INF\classes\dbconfig.properties修改完成
2012-11-15 17:10:58,590 126  INFO  [main                ] org.jetsennet.handle.PropertiesHandle     - 开始修改F:\sc_rel\JNMP_SCV1.3.0.9107\WebRoot\WEB-INF\classes\configuration.properties
2012-11-15 17:10:58,591 127  INFO  [main                ] org.jetsennet.handle.PropertiesHandle     - F:\sc_rel\JNMP_SCV1.3.0.9107\WebRoot\WEB-INF\classes\configuration.properties修改完成
2012-11-15 17:10:58,591 127  INFO  [main                ] org.jetsennet.handle.PropertiesHandle     - 开始修改F:\sc_rel\JNMP_SCV1.3.0.9107\WebRoot\WEB-INF\classes\config.properties
2012-11-15 17:10:58,593 129  INFO  [main                ] org.jetsennet.handle.PropertiesHandle     - F:\sc_rel\JNMP_SCV1.3.0.9107\WebRoot\WEB-INF\classes\config.properties修改完成
2012-11-15 17:10:58,593 129  INFO  [main                ] org.jetsennet.handle.PropertiesHandle     - 开始修改F:\sc_rel\JNMP_SCV1.3.0.9107\nmpreport\WEB-INF\db.properties
2012-11-15 17:10:58,594 130  INFO  [main                ] org.jetsennet.handle.PropertiesHandle     - F:\sc_rel\JNMP_SCV1.3.0.9107\nmpreport\WEB-INF\db.properties修改完成
2012-11-15 17:10:58,595 131  INFO  [main                ] org.jetsennet.handle.PropertiesHandle     - 开始修改F:\sc_rel\JNMP_SCV1.3.0.9107\nmpreport\WEB-INF\classes\configuration.properties
2012-11-15 17:10:58,596 132  INFO  [main                ] org.jetsennet.handle.PropertiesHandle     - F:\sc_rel\JNMP_SCV1.3.0.9107\nmpreport\WEB-INF\classes\configuration.properties修改完成
2012-11-15 17:10:58,597 133  INFO  [main                ] org.jetsennet.handle.PropertiesHandle     - 开始修改F:\sc_rel\JNMP_SCV1.3.0.9107\nmpreport\WEB-INF\classes\dbconfig.properties
2012-11-15 17:10:58,598 134  INFO  [main                ] org.jetsennet.handle.PropertiesHandle     - F:\sc_rel\JNMP_SCV1.3.0.9107\nmpreport\WEB-INF\classes\dbconfig.properties修改完成
