2012-11-16 09:05:12,017 0    INFO  [main                ]           org.jetsennet.config.Config     - 开始解析Setting.xml
2012-11-16 09:05:12,173 156  INFO  [main                ]           org.jetsennet.config.Config     - 开始解析param
2012-11-16 09:05:12,295 278  INFO  [main                ]           org.jetsennet.config.Config     - param解析完成
2012-11-16 09:05:12,295 278  INFO  [main                ]           org.jetsennet.config.Config     - 开始解析文件信息
2012-11-16 09:05:12,306 289  INFO  [main                ]           org.jetsennet.config.Config     - 文件信息解析完成
2012-11-16 09:05:12,306 289  INFO  [main                ]           org.jetsennet.config.Config     - Setting.xml解析完成
2012-11-16 09:05:12,370 353  INFO  [main                ] org.jetsennet.handle.PropertiesHandle     - 开始修改F:\jdmp_rel\JDMPV2.0.0.9198\JDMPV2.0.0.9198\WebRoot\WEB-INF\classes\dbconfig.properties
2012-11-16 09:05:12,371 354  INFO  [main                ] org.jetsennet.handle.PropertiesHandle     - F:\jdmp_rel\JDMPV2.0.0.9198\JDMPV2.0.0.9198\WebRoot\WEB-INF\classes\dbconfig.properties修改完成
2012-11-16 09:05:12,372 355  INFO  [main                ] org.jetsennet.handle.PropertiesHandle     - 开始修改F:\jdmp_rel\JDMPV2.0.0.9198\JDMPV2.0.0.9198\WebRoot\WEB-INF\classes\configuration.properties
2012-11-16 09:05:12,372 355  INFO  [main                ] org.jetsennet.handle.PropertiesHandle     - F:\jdmp_rel\JDMPV2.0.0.9198\JDMPV2.0.0.9198\WebRoot\WEB-INF\classes\configuration.properties修改完成
2012-11-16 09:05:12,372 355  INFO  [main                ] org.jetsennet.handle.PropertiesHandle     - 开始修改F:\jdmp_rel\JDMPV2.0.0.9198\JDMPV2.0.0.9198\WebRoot\WEB-INF\classes\config.properties
2012-11-16 09:05:12,373 356  INFO  [main                ] org.jetsennet.handle.PropertiesHandle     - F:\jdmp_rel\JDMPV2.0.0.9198\JDMPV2.0.0.9198\WebRoot\WEB-INF\classes\config.properties修改完成
2012-11-16 09:05:12,373 356  INFO  [main                ] org.jetsennet.handle.PropertiesHandle     - 开始修改F:\jdmp_rel\JDMPV2.0.0.9198\JDMPV2.0.0.9198\dmpreport\WEB-INF\db.properties
2012-11-16 09:05:12,374 357  INFO  [main                ] org.jetsennet.handle.PropertiesHandle     - F:\jdmp_rel\JDMPV2.0.0.9198\JDMPV2.0.0.9198\dmpreport\WEB-INF\db.properties修改完成
2012-11-16 09:05:12,374 357  INFO  [main                ] org.jetsennet.handle.PropertiesHandle     - 开始修改F:\jdmp_rel\JDMPV2.0.0.9198\JDMPV2.0.0.9198\dmpreport\WEB-INF\classes\configuration.properties
2012-11-16 09:05:12,375 358  INFO  [main                ] org.jetsennet.handle.PropertiesHandle     - F:\jdmp_rel\JDMPV2.0.0.9198\JDMPV2.0.0.9198\dmpreport\WEB-INF\classes\configuration.properties修改完成
2012-11-16 09:05:44,317 0    INFO  [main                ]           org.jetsennet.config.Config     - 开始解析Setting.xml
2012-11-16 09:05:44,362 45   INFO  [main                ]           org.jetsennet.config.Config     - 开始解析param
2012-11-16 09:05:44,416 99   INFO  [main                ]           org.jetsennet.config.Config     - param解析完成
2012-11-16 09:05:44,416 99   INFO  [main                ]           org.jetsennet.config.Config     - 开始解析文件信息
2012-11-16 09:05:44,416 99   INFO  [main                ]           org.jetsennet.config.Config     - 文件信息解析完成
2012-11-16 09:05:44,416 99   INFO  [main                ]           org.jetsennet.config.Config     - Setting.xml解析完成
2012-11-16 09:05:44,417 100  INFO  [main                ] org.jetsennet.handle.PropertiesHandle     - 开始修改F:\jdmp_rel\JDMPV2.0.0.9198\JDMPV2.0.0.9198\WebRoot\WEB-INF\classes\dbconfig.properties
2012-11-16 09:05:44,418 101  INFO  [main                ] org.jetsennet.handle.PropertiesHandle     - F:\jdmp_rel\JDMPV2.0.0.9198\JDMPV2.0.0.9198\WebRoot\WEB-INF\classes\dbconfig.properties修改完成
2012-11-16 09:05:44,418 101  INFO  [main                ] org.jetsennet.handle.PropertiesHandle     - 开始修改F:\jdmp_rel\JDMPV2.0.0.9198\JDMPV2.0.0.9198\WebRoot\WEB-INF\classes\configuration.properties
2012-11-16 09:05:44,419 102  INFO  [main                ] org.jetsennet.handle.PropertiesHandle     - F:\jdmp_rel\JDMPV2.0.0.9198\JDMPV2.0.0.9198\WebRoot\WEB-INF\classes\configuration.properties修改完成
2012-11-16 09:05:44,419 102  INFO  [main                ] org.jetsennet.handle.PropertiesHandle     - 开始修改F:\jdmp_rel\JDMPV2.0.0.9198\JDMPV2.0.0.9198\WebRoot\WEB-INF\classes\config.properties
2012-11-16 09:05:44,420 103  INFO  [main                ] org.jetsennet.handle.PropertiesHandle     - F:\jdmp_rel\JDMPV2.0.0.9198\JDMPV2.0.0.9198\WebRoot\WEB-INF\classes\config.properties修改完成
2012-11-16 09:05:44,420 103  INFO  [main                ] org.jetsennet.handle.PropertiesHandle     - 开始修改F:\jdmp_rel\JDMPV2.0.0.9198\JDMPV2.0.0.9198\dmpreport\WEB-INF\db.properties
2012-11-16 09:05:44,421 104  INFO  [main                ] org.jetsennet.handle.PropertiesHandle     - F:\jdmp_rel\JDMPV2.0.0.9198\JDMPV2.0.0.9198\dmpreport\WEB-INF\db.properties修改完成
2012-11-16 09:05:44,421 104  INFO  [main                ] org.jetsennet.handle.PropertiesHandle     - 开始修改F:\jdmp_rel\JDMPV2.0.0.9198\JDMPV2.0.0.9198\dmpreport\WEB-INF\classes\configuration.properties
2012-11-16 09:05:44,422 105  INFO  [main                ] org.jetsennet.handle.PropertiesHandle     - F:\jdmp_rel\JDMPV2.0.0.9198\JDMPV2.0.0.9198\dmpreport\WEB-INF\classes\configuration.properties修改完成
2012-11-16 09:06:52,291 0    INFO  [main                ]           org.jetsennet.config.Config     - 开始解析Setting.xml
2012-11-16 09:06:52,331 40   INFO  [main                ]           org.jetsennet.config.Config     - 开始解析param
2012-11-16 09:06:52,383 92   INFO  [main                ]           org.jetsennet.config.Config     - param解析完成
2012-11-16 09:06:52,383 92   INFO  [main                ]           org.jetsennet.config.Config     - 开始解析文件信息
2012-11-16 09:06:52,384 93   INFO  [main                ]           org.jetsennet.config.Config     - 文件信息解析完成
2012-11-16 09:06:52,384 93   INFO  [main                ]           org.jetsennet.config.Config     - Setting.xml解析完成
2012-11-16 09:06:52,386 95   INFO  [main                ] org.jetsennet.handle.PropertiesHandle     - 开始修改F:\jdmp_rel\JDMPV2.0.0.9198\JDMPV2.0.0.9198\WebRoot\WEB-INF\classes\dbconfig.properties
2012-11-16 09:06:52,387 96   INFO  [main                ] org.jetsennet.handle.PropertiesHandle     - F:\jdmp_rel\JDMPV2.0.0.9198\JDMPV2.0.0.9198\WebRoot\WEB-INF\classes\dbconfig.properties修改完成
2012-11-16 09:06:52,387 96   INFO  [main                ] org.jetsennet.handle.PropertiesHandle     - 开始修改F:\jdmp_rel\JDMPV2.0.0.9198\JDMPV2.0.0.9198\WebRoot\WEB-INF\classes\configuration.properties
2012-11-16 09:06:52,387 96   INFO  [main                ] org.jetsennet.handle.PropertiesHandle     - F:\jdmp_rel\JDMPV2.0.0.9198\JDMPV2.0.0.9198\WebRoot\WEB-INF\classes\configuration.properties修改完成
2012-11-16 09:06:52,388 97   INFO  [main                ] org.jetsennet.handle.PropertiesHandle     - 开始修改F:\jdmp_rel\JDMPV2.0.0.9198\JDMPV2.0.0.9198\WebRoot\WEB-INF\classes\config.properties
2012-11-16 09:06:52,388 97   INFO  [main                ] org.jetsennet.handle.PropertiesHandle     - F:\jdmp_rel\JDMPV2.0.0.9198\JDMPV2.0.0.9198\WebRoot\WEB-INF\classes\config.properties修改完成
2012-11-16 09:06:52,388 97   INFO  [main                ] org.jetsennet.handle.PropertiesHandle     - 开始修改F:\jdmp_rel\JDMPV2.0.0.9198\JDMPV2.0.0.9198\dmpreport\WEB-INF\db.properties
2012-11-16 09:06:52,389 98   INFO  [main                ] org.jetsennet.handle.PropertiesHandle     - F:\jdmp_rel\JDMPV2.0.0.9198\JDMPV2.0.0.9198\dmpreport\WEB-INF\db.properties修改完成
2012-11-16 09:06:52,389 98   INFO  [main                ] org.jetsennet.handle.PropertiesHandle     - 开始修改F:\jdmp_rel\JDMPV2.0.0.9198\JDMPV2.0.0.9198\dmpreport\WEB-INF\classes\configuration.properties
2012-11-16 09:06:52,390 99   INFO  [main                ] org.jetsennet.handle.PropertiesHandle     - F:\jdmp_rel\JDMPV2.0.0.9198\JDMPV2.0.0.9198\dmpreport\WEB-INF\classes\configuration.properties修改完成
2012-11-16 09:08:32,235 0    INFO  [main                ]           org.jetsennet.config.Config     - 开始解析Setting.xml
2012-11-16 09:08:32,276 41   INFO  [main                ]           org.jetsennet.config.Config     - 开始解析param
2012-11-16 09:08:32,331 96   INFO  [main                ]           org.jetsennet.config.Config     - param解析完成
2012-11-16 09:08:32,331 96   INFO  [main                ]           org.jetsennet.config.Config     - 开始解析文件信息
2012-11-16 09:08:32,332 97   INFO  [main                ]           org.jetsennet.config.Config     - 文件信息解析完成
2012-11-16 09:08:32,332 97   INFO  [main                ]           org.jetsennet.config.Config     - Setting.xml解析完成
2012-11-16 09:08:32,333 98   INFO  [main                ] org.jetsennet.handle.PropertiesHandle     - 开始修改F:\jdmp_rel\JDMPV2.0.0.9198\JDMPV2.0.0.9198\WebRoot\WEB-INF\classes\dbconfig.properties
2012-11-16 09:08:32,334 99   INFO  [main                ] org.jetsennet.handle.PropertiesHandle     - F:\jdmp_rel\JDMPV2.0.0.9198\JDMPV2.0.0.9198\WebRoot\WEB-INF\classes\dbconfig.properties修改完成
2012-11-16 09:08:32,334 99   INFO  [main                ] org.jetsennet.handle.PropertiesHandle     - 开始修改F:\jdmp_rel\JDMPV2.0.0.9198\JDMPV2.0.0.9198\WebRoot\WEB-INF\classes\configuration.properties
2012-11-16 09:08:32,334 99   INFO  [main                ] org.jetsennet.handle.PropertiesHandle     - F:\jdmp_rel\JDMPV2.0.0.9198\JDMPV2.0.0.9198\WebRoot\WEB-INF\classes\configuration.properties修改完成
2012-11-16 09:08:32,334 99   INFO  [main                ] org.jetsennet.handle.PropertiesHandle     - 开始修改F:\jdmp_rel\JDMPV2.0.0.9198\JDMPV2.0.0.9198\WebRoot\WEB-INF\classes\config.properties
2012-11-16 09:08:32,335 100  INFO  [main                ] org.jetsennet.handle.PropertiesHandle     - F:\jdmp_rel\JDMPV2.0.0.9198\JDMPV2.0.0.9198\WebRoot\WEB-INF\classes\config.properties修改完成
2012-11-16 09:08:32,335 100  INFO  [main                ] org.jetsennet.handle.PropertiesHandle     - 开始修改F:\jdmp_rel\JDMPV2.0.0.9198\JDMPV2.0.0.9198\dmpreport\WEB-INF\db.properties
2012-11-16 09:08:32,336 101  INFO  [main                ] org.jetsennet.handle.PropertiesHandle     - F:\jdmp_rel\JDMPV2.0.0.9198\JDMPV2.0.0.9198\dmpreport\WEB-INF\db.properties修改完成
2012-11-16 09:08:32,336 101  INFO  [main                ] org.jetsennet.handle.PropertiesHandle     - 开始修改F:\jdmp_rel\JDMPV2.0.0.9198\JDMPV2.0.0.9198\dmpreport\WEB-INF\classes\configuration.properties
2012-11-16 09:08:32,337 102  INFO  [main                ] org.jetsennet.handle.PropertiesHandle     - F:\jdmp_rel\JDMPV2.0.0.9198\JDMPV2.0.0.9198\dmpreport\WEB-INF\classes\configuration.properties修改完成
